<?xml version="1.0" encoding="UTF-8"?>
<testng-results ignored="0" total="5" passed="5" failed="0" skipped="0">
  <reporter-output>
  </reporter-output>
  <suite started-at="2025-12-14T17:41:10 CET" name="Surefire suite" finished-at="2025-12-14T17:41:13 CET" duration-ms="3517">
    <groups>
    </groups>
    <test started-at="2025-12-14T17:41:10 CET" name="Surefire test" finished-at="2025-12-14T17:41:13 CET" duration-ms="3517">
      <class name="com.nour.petclinic.selenium.HomePageTest">
        <test-method is-config="true" signature="setUp()[pri:0, instance:com.nour.petclinic.selenium.HomePageTest@52e677af]" started-at="2025-12-14T17:41:10 CET" name="setUp" finished-at="2025-12-14T17:41:12 CET" duration-ms="1856" status="PASS">
          <reporter-output>
          </reporter-output>
        </test-method> <!-- setUp -->
        <test-method signature="homeLinkShouldReturnToHomePage()[pri:0, instance:com.nour.petclinic.selenium.HomePageTest@52e677af]" started-at="2025-12-14T17:41:12 CET" name="homeLinkShouldReturnToHomePage" finished-at="2025-12-14T17:41:13 CET" duration-ms="846" status="PASS">
          <reporter-output>
          </reporter-output>
        </test-method> <!-- homeLinkShouldReturnToHomePage -->
        <test-method signature="homePageTitleShouldContainPetClinic()[pri:0, instance:com.nour.petclinic.selenium.HomePageTest@52e677af]" started-at="2025-12-14T17:41:13 CET" name="homePageTitleShouldContainPetClinic" finished-at="2025-12-14T17:41:13 CET" duration-ms="111" status="PASS">
          <reporter-output>
          </reporter-output>
        </test-method> <!-- homePageTitleShouldContainPetClinic -->
        <test-method signature="oupsPageShouldBeReachable()[pri:0, instance:com.nour.petclinic.selenium.HomePageTest@52e677af]" started-at="2025-12-14T17:41:13 CET" name="oupsPageShouldBeReachable" finished-at="2025-12-14T17:41:13 CET" duration-ms="264" status="PASS">
          <reporter-output>
          </reporter-output>
        </test-method> <!-- oupsPageShouldBeReachable -->
        <test-method signature="ownersPageShouldContainTable()[pri:0, instance:com.nour.petclinic.selenium.HomePageTest@52e677af]" started-at="2025-12-14T17:41:13 CET" name="ownersPageShouldContainTable" finished-at="2025-12-14T17:41:13 CET" duration-ms="146" status="PASS">
          <reporter-output>
          </reporter-output>
        </test-method> <!-- ownersPageShouldContainTable -->
        <test-method signature="vetsPageShouldContainVetsText()[pri:0, instance:com.nour.petclinic.selenium.HomePageTest@52e677af]" started-at="2025-12-14T17:41:13 CET" name="vetsPageShouldContainVetsText" finished-at="2025-12-14T17:41:13 CET" duration-ms="146" status="PASS">
          <reporter-output>
          </reporter-output>
        </test-method> <!-- vetsPageShouldContainVetsText -->
        <test-method is-config="true" signature="tearDown()[pri:0, instance:com.nour.petclinic.selenium.HomePageTest@52e677af]" started-at="2025-12-14T17:41:13 CET" name="tearDown" finished-at="2025-12-14T17:41:13 CET" duration-ms="96" status="PASS">
          <reporter-output>
          </reporter-output>
        </test-method> <!-- tearDown -->
      </class> <!-- com.nour.petclinic.selenium.HomePageTest -->
    </test> <!-- Surefire test -->
  </suite> <!-- Surefire suite -->
</testng-results>
