<?xml version="1.0" encoding="UTF-8"?>
<testsuite xmlns:xsi="http://www.w3.org/2001/XMLSchema-instance" xsi:noNamespaceSchemaLocation="https://maven.apache.org/surefire/maven-surefire-plugin/xsd/surefire-test-report.xsd" version="3.0.2" name="com.nour.petclinic.selenium.HomePageTest" time="4.122" tests="5" errors="0" skipped="0" failures="0">
  <properties>
[...]
</properties>
  <testcase name="homeLinkShouldReturnToHomePage" classname="com.nour.petclinic.selenium.HomePageTest" time="0.849">
    <system-err><![CDATA[SLF4J: Failed to load class "org.slf4j.impl.StaticLoggerBinder".
SLF4J: Defaulting to no-operation (NOP) logger implementation
SLF4J: See http://www.slf4j.org/codes.html#StaticLoggerBinder for further details.
Dec 14, 2025 5:41:12 PM org.openqa.selenium.devtools.CdpVersionFinder findNearestMatch
WARNING: Unable to find CDP implementation matching 143
Dec 14, 2025 5:41:12 PM org.openqa.selenium.chromium.ChromiumDriver lambda$new$5
WARNING: Unable to find version of CDP to use for 143.0.7499.42. You may need to include a dependency on a specific version of the CDP using something similar to `org.seleniumhq.selenium:selenium-devtools-v86:4.26.0` where the version ("v86") matches the version of the chromium-based browser you're using and the version number of the artifact is the same as Selenium's.
]]></system-err>
  </testcase>
  <testcase name="homePageTitleShouldContainPetClinic" classname="com.nour.petclinic.selenium.HomePageTest" time="0.109"/>
  <testcase name="oupsPageShouldBeReachable" classname="com.nour.petclinic.selenium.HomePageTest" time="0.264"/>
  <testcase name="ownersPageShouldContainTable" classname="com.nour.petclinic.selenium.HomePageTest" time="0.147"/>
  <testcase name="vetsPageShouldContainVetsText" classname="com.nour.petclinic.selenium.HomePageTest" time="0.144"/>
</testsuite>