<?xml version="1.0" encoding="UTF-8"?>
<!-- Generated by org.testng.reporters.JUnitXMLReporter -->
<testsuite ignored="0" hostname="ubuntu-devops" failures="0" tests="5" name="Surefire test" time="3.517" errors="0" timestamp="2025-12-14T17:41:13 CET">
  <testcase classname="com.nour.petclinic.selenium.HomePageTest" name="homeLinkShouldReturnToHomePage" time="0.846"/>
  <testcase classname="com.nour.petclinic.selenium.HomePageTest" name="homePageTitleShouldContainPetClinic" time="0.111"/>
  <testcase classname="com.nour.petclinic.selenium.HomePageTest" name="oupsPageShouldBeReachable" time="0.264"/>
  <testcase classname="com.nour.petclinic.selenium.HomePageTest" name="ownersPageShouldContainTable" time="0.146"/>
  <testcase classname="com.nour.petclinic.selenium.HomePageTest" name="vetsPageShouldContainVetsText" time="0.146"/>
</testsuite> <!-- Surefire test -->
